<?xml version="1.0" encoding="UTF-8"?>
<testng-results skipped="0" failed="0" ignored="0" total="2" passed="2">
  <reporter-output>
  </reporter-output>
  <suite name="Capmo_Case_Study" duration-ms="23097" started-at="2021-12-16T10:58:13Z" finished-at="2021-12-16T10:58:36Z">
    <groups>
    </groups>
    <test name="Capmo" duration-ms="23097" started-at="2021-12-16T10:58:13Z" finished-at="2021-12-16T10:58:36Z">
      <class name="com.capmo.swaglab.main.Checkout">
        <test-method status="PASS" signature="openBrowser()[pri:0, instance:com.capmo.swaglab.main.Checkout@3c0ecd4b]" name="openBrowser" is-config="true" duration-ms="3282" started-at="2021-12-16T10:58:10Z" finished-at="2021-12-16T10:58:13Z">
          <reporter-output>
          </reporter-output>
        </test-method> <!-- openBrowser -->
        <test-method status="PASS" signature="startReport()[pri:0, instance:com.capmo.swaglab.main.Checkout@3c0ecd4b]" name="startReport" is-config="true" duration-ms="117" started-at="2021-12-16T10:58:13Z" finished-at="2021-12-16T10:58:13Z">
          <reporter-output>
          </reporter-output>
        </test-method> <!-- startReport -->
        <test-method status="PASS" signature="testLogger(org.testng.ITestResult)[pri:0, instance:com.capmo.swaglab.main.Checkout@3c0ecd4b]" name="testLogger" is-config="true" duration-ms="1300" started-at="2021-12-16T10:58:13Z" finished-at="2021-12-16T10:58:15Z">
          <params>
            <param index="0">
              <value>
                <![CDATA[[TestResult name=bookItemEnd2End status=SUCCESS method=Checkout.bookItemEnd2End()[pri:0, instance:com.capmo.swaglab.main.Checkout@3c0ecd4b] output={null}]]]>
              </value>
            </param>
          </params>
          <reporter-output>
          </reporter-output>
        </test-method> <!-- testLogger -->
        <test-method status="PASS" signature="bookItemEnd2End()[pri:0, instance:com.capmo.swaglab.main.Checkout@3c0ecd4b]" name="bookItemEnd2End" duration-ms="13239" started-at="2021-12-16T10:58:15Z" finished-at="2021-12-16T10:58:28Z">
          <reporter-output>
          </reporter-output>
        </test-method> <!-- bookItemEnd2End -->
        <test-method status="PASS" signature="testLogger(org.testng.ITestResult)[pri:0, instance:com.capmo.swaglab.main.Checkout@3c0ecd4b]" name="testLogger" is-config="true" duration-ms="121" started-at="2021-12-16T10:58:28Z" finished-at="2021-12-16T10:58:28Z">
          <params>
            <param index="0">
              <value>
                <![CDATA[[TestResult name=validateFilterOrder status=SUCCESS method=Checkout.validateFilterOrder()[pri:0, instance:com.capmo.swaglab.main.Checkout@3c0ecd4b] output={null}]]]>
              </value>
            </param>
          </params>
          <reporter-output>
          </reporter-output>
        </test-method> <!-- testLogger -->
        <test-method status="PASS" signature="getResult(org.testng.ITestResult)[pri:0, instance:com.capmo.swaglab.main.Checkout@3c0ecd4b]" name="getResult" is-config="true" duration-ms="0" started-at="2021-12-16T10:58:28Z" finished-at="2021-12-16T10:58:28Z">
          <params>
            <param index="0">
              <value>
                <![CDATA[[TestResult name=bookItemEnd2End status=SUCCESS method=Checkout.bookItemEnd2End()[pri:0, instance:com.capmo.swaglab.main.Checkout@3c0ecd4b] output={null}]]]>
              </value>
            </param>
          </params>
          <reporter-output>
          </reporter-output>
        </test-method> <!-- getResult -->
        <test-method status="PASS" signature="validateFilterOrder()[pri:0, instance:com.capmo.swaglab.main.Checkout@3c0ecd4b]" name="validateFilterOrder" duration-ms="7999" started-at="2021-12-16T10:58:28Z" finished-at="2021-12-16T10:58:36Z">
          <reporter-output>
          </reporter-output>
        </test-method> <!-- validateFilterOrder -->
        <test-method status="PASS" signature="endReport()[pri:0, instance:com.capmo.swaglab.main.Checkout@3c0ecd4b]" name="endReport" is-config="true" duration-ms="307" started-at="2021-12-16T10:58:36Z" finished-at="2021-12-16T10:58:36Z">
          <reporter-output>
          </reporter-output>
        </test-method> <!-- endReport -->
        <test-method status="PASS" signature="getResult(org.testng.ITestResult)[pri:0, instance:com.capmo.swaglab.main.Checkout@3c0ecd4b]" name="getResult" is-config="true" duration-ms="0" started-at="2021-12-16T10:58:36Z" finished-at="2021-12-16T10:58:36Z">
          <params>
            <param index="0">
              <value>
                <![CDATA[[TestResult name=validateFilterOrder status=SUCCESS method=Checkout.validateFilterOrder()[pri:0, instance:com.capmo.swaglab.main.Checkout@3c0ecd4b] output={null}]]]>
              </value>
            </param>
          </params>
          <reporter-output>
          </reporter-output>
        </test-method> <!-- getResult -->
        <test-method status="PASS" signature="afterClass()[pri:0, instance:com.capmo.swaglab.main.Checkout@3c0ecd4b]" name="afterClass" is-config="true" duration-ms="729" started-at="2021-12-16T10:58:36Z" finished-at="2021-12-16T10:58:37Z">
          <reporter-output>
          </reporter-output>
        </test-method> <!-- afterClass -->
      </class> <!-- com.capmo.swaglab.main.Checkout -->
    </test> <!-- Capmo -->
  </suite> <!-- Capmo_Case_Study -->
</testng-results>
